<?xml version="1.0" encoding="UTF-8"?>
<testng-results skipped="0" failed="0" ignored="0" total="1" passed="1">
  <reporter-output>
  </reporter-output>
  <suite name="Default suite" duration-ms="15780" started-at="2020-03-05T06:38:41Z" finished-at="2020-03-05T06:38:57Z">
    <groups>
    </groups>
    <test name="Default test" duration-ms="15780" started-at="2020-03-05T06:38:41Z" finished-at="2020-03-05T06:38:57Z">
      <class name="mar5.Using_Explicit">
        <test-method status="PASS" signature="login()[pri:0, instance:mar5.Using_Explicit@4eb7f003]" name="login" duration-ms="15729" started-at="2020-03-05T06:38:41Z" finished-at="2020-03-05T06:38:57Z">
          <reporter-output>
          </reporter-output>
        </test-method> <!-- login -->
      </class> <!-- mar5.Using_Explicit -->
    </test> <!-- Default test -->
  </suite> <!-- Default suite -->
</testng-results>
